<?xml version="1.0" encoding="UTF-8"?>
<!-- Generated by org.testng.reporters.JUnitXMLReporter -->
<testsuite ignored="0" hostname="Millhouse" failures="0" tests="4" name="SeleniumTest" time="38.643" errors="0" timestamp="2023-11-19T14:17:34 EST">
  <testcase classname="com.spark.millhouse.selenium.test.CreateDeckTest" name="testCreateDeck" time="13.139"/>
  <testcase classname="com.spark.millhouse.selenium.test.ViewDeckTest" name="testViewDeck" time="10.195"/>
  <testcase classname="com.spark.millhouse.selenium.test.EditDeckTest" name="testCreateDeck" time="1.003"/>
  <testcase classname="com.spark.millhouse.selenium.test.DeckListTest" name="testDeckList" time="14.279"/>
</testsuite> <!-- SeleniumTest -->
