<?xml version="1.0" encoding="UTF-8"?>
<testng-results ignored="0" total="1" passed="1" failed="0" skipped="0">
  <reporter-output>
  </reporter-output>
  <suite started-at="2024-03-16T01:20:33 EDT" name="Default suite" finished-at="2024-03-16T01:20:43 EDT" duration-ms="9351">
    <groups>
    </groups>
    <test started-at="2024-03-16T01:20:33 EDT" name="Default test" finished-at="2024-03-16T01:20:43 EDT" duration-ms="9351">
      <class name="com.spark.millhouse.selenium.test.CreateDeckTest">
        <test-method is-config="true" signature="setUp()[pri:0, instance:com.spark.millhouse.selenium.test.CreateDeckTest@a82c5f1]" started-at="2024-03-16T01:20:32 EDT" name="setUp" finished-at="2024-03-16T01:20:33 EDT" duration-ms="1418" status="PASS">
          <reporter-output>
          </reporter-output>
        </test-method> <!-- setUp -->
        <test-method is-config="true" signature="login()[pri:0, instance:com.spark.millhouse.selenium.test.CreateDeckTest@a82c5f1]" started-at="2024-03-16T01:20:33 EDT" name="login" finished-at="2024-03-16T01:20:37 EDT" duration-ms="3788" status="PASS">
          <reporter-output>
          </reporter-output>
        </test-method> <!-- login -->
        <test-method signature="testCreateDeck()[pri:0, instance:com.spark.millhouse.selenium.test.CreateDeckTest@a82c5f1]" started-at="2024-03-16T01:20:37 EDT" name="testCreateDeck" finished-at="2024-03-16T01:20:43 EDT" duration-ms="5534" status="PASS">
          <reporter-output>
          </reporter-output>
        </test-method> <!-- testCreateDeck -->
        <test-method is-config="true" signature="tearDown()[pri:0, instance:com.spark.millhouse.selenium.test.CreateDeckTest@a82c5f1]" started-at="2024-03-16T01:20:43 EDT" name="tearDown" finished-at="2024-03-16T01:20:43 EDT" duration-ms="412" status="PASS">
          <reporter-output>
          </reporter-output>
        </test-method> <!-- tearDown -->
      </class> <!-- com.spark.millhouse.selenium.test.CreateDeckTest -->
    </test> <!-- Default test -->
  </suite> <!-- Default suite -->
</testng-results>
