<?xml version="1.0" encoding="UTF-8"?>
<testng-results ignored="0" total="1" passed="1" failed="0" skipped="0">
  <reporter-output>
  </reporter-output>
  <suite started-at="2023-12-08T23:55:04 EST" name="Default suite" finished-at="2023-12-08T23:55:10 EST" duration-ms="6181">
    <groups>
      <group name="cucumber">
        <method signature="AbstractTestNGCucumberTests.runScenario(io.cucumber.testng.PickleWrapper,io.cucumber.testng.FeatureWrapper)[pri:0, instance:com.spark.millhouse.cucumber.test.DeckListRunner@5e7cd6cc]" name="runScenario" class="io.cucumber.testng.AbstractTestNGCucumberTests"/>
      </group> <!-- cucumber -->
    </groups>
    <test started-at="2023-12-08T23:55:04 EST" name="Default test" finished-at="2023-12-08T23:55:10 EST" duration-ms="6181">
      <class name="com.spark.millhouse.cucumber.test.DeckListRunner">
        <test-method is-config="true" signature="setup()[pri:0, instance:com.spark.millhouse.cucumber.test.DeckListRunner@5e7cd6cc]" started-at="2023-12-08T23:55:02 EST" name="setup" finished-at="2023-12-08T23:55:04 EST" duration-ms="1321" status="PASS">
          <reporter-output>
          </reporter-output>
        </test-method> <!-- setup -->
        <test-method is-config="true" signature="setUpClass(org.testng.ITestContext)[pri:0, instance:com.spark.millhouse.cucumber.test.DeckListRunner@5e7cd6cc]" started-at="2023-12-08T23:55:04 EST" name="setUpClass" finished-at="2023-12-08T23:55:04 EST" duration-ms="427" status="PASS">
          <params>
            <param index="0">
              <value>
                <![CDATA[org.testng.TestRunner@3d24420b]]>
              </value>
            </param>
          </params>
          <reporter-output>
          </reporter-output>
        </test-method> <!-- setUpClass -->
        <test-method signature="runScenario(io.cucumber.testng.PickleWrapper,io.cucumber.testng.FeatureWrapper)[pri:0, instance:com.spark.millhouse.cucumber.test.DeckListRunner@5e7cd6cc]" started-at="2023-12-08T23:55:04 EST" name="runScenario" description="Runs Cucumber Scenarios" data-provider="scenarios" finished-at="2023-12-08T23:55:10 EST" duration-ms="5713" status="PASS">
          <params>
            <param index="0">
              <value>
                <![CDATA["Successful Deck List"]]>
              </value>
            </param>
            <param index="1">
              <value>
                <![CDATA["Deck List"]]>
              </value>
            </param>
          </params>
          <reporter-output>
          </reporter-output>
        </test-method> <!-- runScenario -->
        <test-method is-config="true" signature="tearDownClass()[pri:0, instance:com.spark.millhouse.cucumber.test.DeckListRunner@5e7cd6cc]" started-at="2023-12-08T23:55:10 EST" name="tearDownClass" finished-at="2023-12-08T23:55:10 EST" duration-ms="22" status="PASS">
          <reporter-output>
          </reporter-output>
        </test-method> <!-- tearDownClass -->
        <test-method is-config="true" signature="teardown()[pri:0, instance:com.spark.millhouse.cucumber.test.DeckListRunner@5e7cd6cc]" started-at="2023-12-08T23:55:10 EST" name="teardown" finished-at="2023-12-08T23:55:10 EST" duration-ms="121" status="PASS">
          <reporter-output>
          </reporter-output>
        </test-method> <!-- teardown -->
      </class> <!-- com.spark.millhouse.cucumber.test.DeckListRunner -->
    </test> <!-- Default test -->
  </suite> <!-- Default suite -->
</testng-results>
