<?xml version="1.0" encoding="UTF-8"?>
<!-- Generated by org.testng.reporters.JUnitXMLReporter -->
<testsuite ignored="0" hostname="Millhouse" failures="0" tests="4" name="SeleniumTest" time="38.247" errors="0" timestamp="2023-12-07T23:00:10 EST">
  <testcase classname="com.spark.millhouse.selenium.test.CreateDeckTest" name="testCreateDeck" time="12.697"/>
  <testcase classname="com.spark.millhouse.selenium.test.ViewDeckTest" name="testViewDeck" time="10.248"/>
  <testcase classname="com.spark.millhouse.selenium.test.EditDeckTest" name="testCreateDeck" time="0.972"/>
  <testcase classname="com.spark.millhouse.selenium.test.DeckListTest" name="testDeckList" time="14.297"/>
</testsuite> <!-- SeleniumTest -->
